{
  "stats": {
    "suites": 2,
    "tests": 3,
    "passes": 3,
    "pending": 0,
    "failures": 0,
    "start": "2017-04-18T08:07:16.766Z",
    "end": "2017-04-18T08:07:17.214Z",
    "duration": 448,
    "testsRegistered": 3,
    "passPercent": 100,
    "pendingPercent": 0,
    "other": 0,
    "hasOther": false,
    "skipped": 0,
    "hasSkipped": false,
    "passPercentClass": "success",
    "pendingPercentClass": "danger"
  },
  "suites": {
    "title": "",
    "suites": [
      {
        "title": "GET /users",
        "suites": [],
        "tests": [
          {
            "title": "respond with json",
            "fullTitle": "GET /users respond with json",
            "timedOut": false,
            "duration": 216,
            "state": "passed",
            "speed": "slow",
            "pass": true,
            "fail": false,
            "pending": false,
            "code": "request(app)\n  .get('/users')\n  .set('Accept', 'application/json')\n  .expect('Content-Type', /json/)\n  .expect(200, done);",
            "err": {},
            "isRoot": false,
            "uuid": "927d017b-e4fc-4c29-a1e6-a19d5842e9b5",
            "parentUUID": "347502c6-0c74-4aaf-ac21-1a33558526ba",
            "skipped": false
          }
        ],
        "pending": [],
        "root": false,
        "_timeout": 2000,
        "file": "\\user.js",
        "uuid": "347502c6-0c74-4aaf-ac21-1a33558526ba",
        "fullFile": "C:\\nodeProjects\\user-auth-system\\src\\test\\user.js",
        "passes": [
          {
            "title": "respond with json",
            "fullTitle": "GET /users respond with json",
            "timedOut": false,
            "duration": 216,
            "state": "passed",
            "speed": "slow",
            "pass": true,
            "fail": false,
            "pending": false,
            "code": "request(app)\n  .get('/users')\n  .set('Accept', 'application/json')\n  .expect('Content-Type', /json/)\n  .expect(200, done);",
            "err": {},
            "isRoot": false,
            "uuid": "927d017b-e4fc-4c29-a1e6-a19d5842e9b5",
            "parentUUID": "347502c6-0c74-4aaf-ac21-1a33558526ba",
            "skipped": false
          }
        ],
        "failures": [],
        "skipped": [],
        "hasTests": true,
        "hasSuites": false,
        "totalTests": 1,
        "totalPasses": 1,
        "totalFailures": 0,
        "totalPending": 0,
        "totalSkipped": 0,
        "hasPasses": true,
        "hasFailures": false,
        "hasPending": false,
        "hasSkipped": false,
        "duration": 216,
        "rootEmpty": false
      },
      {
        "title": "GET /checkpermission",
        "suites": [],
        "tests": [
          {
            "title": "repsond true if user and permission is valid",
            "fullTitle": "GET /checkpermission repsond true if user and permission is valid",
            "timedOut": false,
            "duration": 111,
            "state": "passed",
            "speed": "slow",
            "pass": true,
            "fail": false,
            "pending": false,
            "code": "request(app)\n  .get('/checkpermission?userId=user1&permId=perm1')\n  .set('Accept', 'text')\n  .expect('true')\n  .expect(200, done);",
            "err": {},
            "isRoot": false,
            "uuid": "4135334c-9d57-4f4f-b76d-b19be945046d",
            "parentUUID": "e1be64ce-c218-4f06-8c16-1d14f01c93a1",
            "skipped": false
          },
          {
            "title": "repsond false if user and permission is invalid",
            "fullTitle": "GET /checkpermission repsond false if user and permission is invalid",
            "timedOut": false,
            "duration": 71,
            "state": "passed",
            "speed": "medium",
            "pass": true,
            "fail": false,
            "pending": false,
            "code": "request(app)\n  .get('/checkpermission?userId=user1&permId=perm8')\n  .set('Accept', 'text')\n  .expect('false')\n  .expect(200, done);",
            "err": {},
            "isRoot": false,
            "uuid": "494f1d06-c0cd-4c39-a01e-1d88c9f24fe5",
            "parentUUID": "e1be64ce-c218-4f06-8c16-1d14f01c93a1",
            "skipped": false
          }
        ],
        "pending": [],
        "root": false,
        "_timeout": 2000,
        "file": "\\user.js",
        "uuid": "e1be64ce-c218-4f06-8c16-1d14f01c93a1",
        "fullFile": "C:\\nodeProjects\\user-auth-system\\src\\test\\user.js",
        "passes": [
          {
            "title": "repsond true if user and permission is valid",
            "fullTitle": "GET /checkpermission repsond true if user and permission is valid",
            "timedOut": false,
            "duration": 111,
            "state": "passed",
            "speed": "slow",
            "pass": true,
            "fail": false,
            "pending": false,
            "code": "request(app)\n  .get('/checkpermission?userId=user1&permId=perm1')\n  .set('Accept', 'text')\n  .expect('true')\n  .expect(200, done);",
            "err": {},
            "isRoot": false,
            "uuid": "4135334c-9d57-4f4f-b76d-b19be945046d",
            "parentUUID": "e1be64ce-c218-4f06-8c16-1d14f01c93a1",
            "skipped": false
          },
          {
            "title": "repsond false if user and permission is invalid",
            "fullTitle": "GET /checkpermission repsond false if user and permission is invalid",
            "timedOut": false,
            "duration": 71,
            "state": "passed",
            "speed": "medium",
            "pass": true,
            "fail": false,
            "pending": false,
            "code": "request(app)\n  .get('/checkpermission?userId=user1&permId=perm8')\n  .set('Accept', 'text')\n  .expect('false')\n  .expect(200, done);",
            "err": {},
            "isRoot": false,
            "uuid": "494f1d06-c0cd-4c39-a01e-1d88c9f24fe5",
            "parentUUID": "e1be64ce-c218-4f06-8c16-1d14f01c93a1",
            "skipped": false
          }
        ],
        "failures": [],
        "skipped": [],
        "hasTests": true,
        "hasSuites": false,
        "totalTests": 2,
        "totalPasses": 2,
        "totalFailures": 0,
        "totalPending": 0,
        "totalSkipped": 0,
        "hasPasses": true,
        "hasFailures": false,
        "hasPending": false,
        "hasSkipped": false,
        "duration": 182,
        "rootEmpty": false
      }
    ],
    "tests": [],
    "pending": [],
    "root": true,
    "_timeout": 2000,
    "uuid": "d5533fac-757b-4025-b198-2bdbfc36042c",
    "fullFile": "",
    "file": "",
    "passes": [],
    "failures": [],
    "skipped": [],
    "hasTests": false,
    "hasSuites": true,
    "totalTests": 0,
    "totalPasses": 0,
    "totalFailures": 0,
    "totalPending": 0,
    "totalSkipped": 0,
    "hasPasses": false,
    "hasFailures": false,
    "hasPending": false,
    "hasSkipped": false,
    "duration": 0,
    "rootEmpty": true
  },
  "allTests": [
    {
      "title": "respond with json",
      "fullTitle": "GET /users respond with json",
      "timedOut": false,
      "duration": 216,
      "state": "passed",
      "speed": "slow",
      "pass": true,
      "fail": false,
      "pending": false,
      "code": "request(app)\n  .get('/users')\n  .set('Accept', 'application/json')\n  .expect('Content-Type', /json/)\n  .expect(200, done);",
      "err": {},
      "isRoot": false,
      "uuid": "927d017b-e4fc-4c29-a1e6-a19d5842e9b5",
      "parentUUID": "347502c6-0c74-4aaf-ac21-1a33558526ba",
      "skipped": false
    },
    {
      "title": "repsond true if user and permission is valid",
      "fullTitle": "GET /checkpermission repsond true if user and permission is valid",
      "timedOut": false,
      "duration": 111,
      "state": "passed",
      "speed": "slow",
      "pass": true,
      "fail": false,
      "pending": false,
      "code": "request(app)\n  .get('/checkpermission?userId=user1&permId=perm1')\n  .set('Accept', 'text')\n  .expect('true')\n  .expect(200, done);",
      "err": {},
      "isRoot": false,
      "uuid": "4135334c-9d57-4f4f-b76d-b19be945046d",
      "parentUUID": "e1be64ce-c218-4f06-8c16-1d14f01c93a1",
      "skipped": false
    },
    {
      "title": "repsond false if user and permission is invalid",
      "fullTitle": "GET /checkpermission repsond false if user and permission is invalid",
      "timedOut": false,
      "duration": 71,
      "state": "passed",
      "speed": "medium",
      "pass": true,
      "fail": false,
      "pending": false,
      "code": "request(app)\n  .get('/checkpermission?userId=user1&permId=perm8')\n  .set('Accept', 'text')\n  .expect('false')\n  .expect(200, done);",
      "err": {},
      "isRoot": false,
      "uuid": "494f1d06-c0cd-4c39-a01e-1d88c9f24fe5",
      "parentUUID": "e1be64ce-c218-4f06-8c16-1d14f01c93a1",
      "skipped": false
    }
  ],
  "allPending": [],
  "allPasses": [
    {
      "title": "respond with json",
      "fullTitle": "GET /users respond with json",
      "timedOut": false,
      "duration": 216,
      "state": "passed",
      "speed": "slow",
      "pass": true,
      "fail": false,
      "pending": false,
      "code": "request(app)\n  .get('/users')\n  .set('Accept', 'application/json')\n  .expect('Content-Type', /json/)\n  .expect(200, done);",
      "err": {},
      "isRoot": false,
      "uuid": "927d017b-e4fc-4c29-a1e6-a19d5842e9b5",
      "parentUUID": "347502c6-0c74-4aaf-ac21-1a33558526ba",
      "skipped": false
    },
    {
      "title": "repsond true if user and permission is valid",
      "fullTitle": "GET /checkpermission repsond true if user and permission is valid",
      "timedOut": false,
      "duration": 111,
      "state": "passed",
      "speed": "slow",
      "pass": true,
      "fail": false,
      "pending": false,
      "code": "request(app)\n  .get('/checkpermission?userId=user1&permId=perm1')\n  .set('Accept', 'text')\n  .expect('true')\n  .expect(200, done);",
      "err": {},
      "isRoot": false,
      "uuid": "4135334c-9d57-4f4f-b76d-b19be945046d",
      "parentUUID": "e1be64ce-c218-4f06-8c16-1d14f01c93a1",
      "skipped": false
    },
    {
      "title": "repsond false if user and permission is invalid",
      "fullTitle": "GET /checkpermission repsond false if user and permission is invalid",
      "timedOut": false,
      "duration": 71,
      "state": "passed",
      "speed": "medium",
      "pass": true,
      "fail": false,
      "pending": false,
      "code": "request(app)\n  .get('/checkpermission?userId=user1&permId=perm8')\n  .set('Accept', 'text')\n  .expect('false')\n  .expect(200, done);",
      "err": {},
      "isRoot": false,
      "uuid": "494f1d06-c0cd-4c39-a01e-1d88c9f24fe5",
      "parentUUID": "e1be64ce-c218-4f06-8c16-1d14f01c93a1",
      "skipped": false
    }
  ],
  "allFailures": [],
  "copyrightYear": 2017
}